<?xml version="1.0" encoding="UTF-8"?>
<!-- Generated by org.testng.reporters.JUnitReportReporter -->
<testsuite skipped="0" hostname="DESKTOP-SB473LA" name="stepdefinition.Tesstts" tests="1" failures="0" timestamp="20 Jul 2021 10:56:06 GMT" time="6.881" errors="0">
  <testcase name="addResource" time="6.881" classname="stepdefinition.Tesstts"/>
</testsuite> <!-- stepdefinition.Tesstts -->
